#
# There is insufficient memory for the Java Runtime Environment to continue.
# Native memory allocation (mmap) failed to map 268435456 bytes for G1 virtual space
# Possible reasons:
#   The system is out of physical RAM or swap space
#   The process is running with CompressedOops enabled, and the Java Heap may be blocking the growth of the native heap
# Possible solutions:
#   Reduce memory load on the system
#   Increase physical memory or swap space
#   Check if swap backing store is full
#   Decrease Java heap size (-Xmx/-Xms)
#   Decrease number of Java threads
#   Decrease Java thread stack sizes (-Xss)
#   Set larger code cache with -XX:ReservedCodeCacheSize=
#   JVM is running with Zero Based Compressed Oops mode in which the Java heap is
#     placed in the first 32GB address space. The Java Heap base address is the
#     maximum limit for the native heap growth. Please use -XX:HeapBaseMinAddress
#     to set the Java Heap base and to place the Java Heap above 32GB virtual address.
# This output file may be truncated or incomplete.
#
#  Out of Memory Error (os_windows.cpp:3550), pid=7772, tid=28608
#
# JRE version:  (17.0.7+8) (build )
# Java VM: Java HotSpot(TM) 64-Bit Server VM (17.0.7+8-LTS-224, mixed mode, sharing, tiered, compressed oops, compressed class ptrs, g1 gc, windows-amd64)
# No core dump will be written. Minidumps are not enabled by default on client versions of Windows
#

---------------  S U M M A R Y ------------

Command Line: -Dfile.encoding=UTF-8 --module-path=F:\fakultet\UOP\turistickaAgencija\bin -XX:+ShowCodeDetailsInExceptionMessages -Djdk.module.main=turistickaAgencija turistickaAgencija/main.TuristickaAgencijaMain

Host: Intel(R) Core(TM) i5-9400F CPU @ 2.90GHz, 6 cores, 15G,  Windows 10 , 64 bit Build 19041 (10.0.19041.2913)
Time: Fri May 19 01:21:13 2023 Central Europe Daylight Time elapsed time: 0.029237 seconds (0d 0h 0m 0s)

---------------  T H R E A D  ---------------

Current thread (0x0000019447be0930):  JavaThread "Unknown thread" [_thread_in_vm, id=28608, stack(0x0000008cabd00000,0x0000008cabe00000)]

Stack: [0x0000008cabd00000,0x0000008cabe00000]
Native frames: (J=compiled Java code, j=interpreted, Vv=VM code, C=native code)
V  [jvm.dll+0x676a4a]
V  [jvm.dll+0x7d74f4]
V  [jvm.dll+0x7d8c9e]
V  [jvm.dll+0x7d9303]
V  [jvm.dll+0x2452c5]
V  [jvm.dll+0x6738f9]
V  [jvm.dll+0x668232]
V  [jvm.dll+0x302826]
V  [jvm.dll+0x309da6]
V  [jvm.dll+0x35952e]
V  [jvm.dll+0x35975f]
V  [jvm.dll+0x2d9a38]
V  [jvm.dll+0x2da9a4]
V  [jvm.dll+0x7a8fb1]
V  [jvm.dll+0x3670e1]
V  [jvm.dll+0x788359]
V  [jvm.dll+0x3ea5ef]
V  [jvm.dll+0x3ec071]
C  [jli.dll+0x5297]
C  [ucrtbase.dll+0x21bb2]
C  [KERNEL32.DLL+0x17614]
C  [ntdll.dll+0x526a1]


---------------  P R O C E S S  ---------------

Threads class SMR info:
_java_thread_list=0x00007ffaccbe4998, length=0, elements={
}

Java Threads: ( => current thread )

Other Threads:
  0x0000019447c4be90 GCTaskThread "GC Thread#0" [stack: 0x0000008cabe00000,0x0000008cabf00000] [id=28028]
  0x0000019447c5cd10 ConcurrentGCThread "G1 Main Marker" [stack: 0x0000008cabf00000,0x0000008cac000000] [id=23828]
  0x0000019447c5eed0 ConcurrentGCThread "G1 Conc#0" [stack: 0x0000008cac000000,0x0000008cac100000] [id=20788]

[error occurred during error reporting (printing all threads), id 0xc0000005, EXCEPTION_ACCESS_VIOLATION (0xc0000005) at pc=0x00007ffacc41a697]

VM state: not at safepoint (not fully initialized)

VM Mutex/Monitor currently owned by a thread:  ([mutex/lock_event])
[0x0000019447bdbce0] Heap_lock - owner thread: 0x0000019447be0930

Heap address: 0x0000000700c00000, size: 4084 MB, Compressed Oops mode: Zero based, Oop shift amount: 3

CDS archive(s) mapped at: [0x0000000000000000-0x0000000000000000-0x0000000000000000), size 0, SharedBaseAddress: 0x0000000800000000, ArchiveRelocationMode: 0.
Narrow klass base: 0x0000000000000000, Narrow klass shift: 0, Narrow klass range: 0x0

GC Precious Log:
<Empty>

Heap:
 garbage-first heap   total 0K, used 0K [0x0000000700c00000, 0x0000000800000000)
  region size 2048K, 0 young (0K), 0 survivors (0K)

[error occurred during error reporting (printing heap information), id 0xc0000005, EXCEPTION_ACCESS_VIOLATION (0xc0000005) at pc=0x00007ffacc8000b9]

GC Heap History (0 events):
No events

Deoptimization events (0 events):
No events

Classes unloaded (0 events):
No events

Classes redefined (0 events):
No events

Internal exceptions (0 events):
No events

VM Operations (0 events):
No events

Events (1 events):
Event: 0.005 Loaded shared library C:\Program Files\Java\jdk-17\bin\java.dll


Dynamic libraries:
0x00007ff741180000 - 0x00007ff741190000 	C:\Program Files\Java\jdk-17\bin\javaw.exe
0x00007ffb66e30000 - 0x00007ffb67028000 	C:\WINDOWS\SYSTEM32\ntdll.dll
0x00007ffb65050000 - 0x00007ffb6510f000 	C:\WINDOWS\System32\KERNEL32.DLL
0x00007ffb645a0000 - 0x00007ffb64896000 	C:\WINDOWS\System32\KERNELBASE.dll
0x00007ffb648a0000 - 0x00007ffb649a0000 	C:\WINDOWS\System32\ucrtbase.dll
0x00007ffb45da0000 - 0x00007ffb45dbb000 	C:\Program Files\Java\jdk-17\bin\VCRUNTIME140.dll
0x00007ffb459f0000 - 0x00007ffb45a09000 	C:\Program Files\Java\jdk-17\bin\jli.dll
0x00007ffb64ef0000 - 0x00007ffb64f9f000 	C:\WINDOWS\System32\ADVAPI32.dll
0x00007ffb66470000 - 0x00007ffb6650e000 	C:\WINDOWS\System32\msvcrt.dll
0x00007ffb65b40000 - 0x00007ffb65bdc000 	C:\WINDOWS\System32\sechost.dll
0x00007ffb66640000 - 0x00007ffb66766000 	C:\WINDOWS\System32\RPCRT4.dll
0x00007ffb66ad0000 - 0x00007ffb66c6d000 	C:\WINDOWS\System32\USER32.dll
0x00007ffb64bb0000 - 0x00007ffb64bd2000 	C:\WINDOWS\System32\win32u.dll
0x00007ffb50990000 - 0x00007ffb50c2a000 	C:\WINDOWS\WinSxS\amd64_microsoft.windows.common-controls_6595b64144ccf1df_6.0.19041.1110_none_60b5254171f9507e\COMCTL32.dll
0x00007ffb66dc0000 - 0x00007ffb66dec000 	C:\WINDOWS\System32\GDI32.dll
0x00007ffb649a0000 - 0x00007ffb64ab5000 	C:\WINDOWS\System32\gdi32full.dll
0x00007ffb64be0000 - 0x00007ffb64c7d000 	C:\WINDOWS\System32\msvcp_win.dll
0x00007ffb5bff0000 - 0x00007ffb5bffa000 	C:\WINDOWS\SYSTEM32\VERSION.dll
0x00007ffb66420000 - 0x00007ffb66450000 	C:\WINDOWS\System32\IMM32.DLL
0x00007ffb504f0000 - 0x00007ffb504fc000 	C:\Program Files\Java\jdk-17\bin\vcruntime140_1.dll
0x00007ffb31ef0000 - 0x00007ffb31f7e000 	C:\Program Files\Java\jdk-17\bin\msvcp140.dll
0x00007ffacc130000 - 0x00007ffaccd0d000 	C:\Program Files\Java\jdk-17\bin\server\jvm.dll
0x00007ffb65b30000 - 0x00007ffb65b38000 	C:\WINDOWS\System32\PSAPI.DLL
0x00007ffb5bfc0000 - 0x00007ffb5bfe7000 	C:\WINDOWS\SYSTEM32\WINMM.dll
0x00007ffb61210000 - 0x00007ffb61219000 	C:\WINDOWS\SYSTEM32\WSOCK32.dll
0x00007ffb66c70000 - 0x00007ffb66cdb000 	C:\WINDOWS\System32\WS2_32.dll
0x00007ffb623f0000 - 0x00007ffb62402000 	C:\WINDOWS\SYSTEM32\kernel.appcore.dll
0x00007ffb50110000 - 0x00007ffb5011a000 	C:\Program Files\Java\jdk-17\bin\jimage.dll
0x00007ffb5d440000 - 0x00007ffb5d624000 	C:\WINDOWS\SYSTEM32\DBGHELP.DLL
0x00007ffb57800000 - 0x00007ffb57834000 	C:\WINDOWS\SYSTEM32\dbgcore.DLL
0x00007ffb64510000 - 0x00007ffb64592000 	C:\WINDOWS\System32\bcryptPrimitives.dll
0x00007ffb454a0000 - 0x00007ffb454c5000 	C:\Program Files\Java\jdk-17\bin\java.dll

dbghelp: loaded successfully - version: 4.0.5 - missing functions: none
symbol engine: initialized successfully - sym options: 0x614 - pdb path: .;C:\Program Files\Java\jdk-17\bin;C:\WINDOWS\SYSTEM32;C:\WINDOWS\WinSxS\amd64_microsoft.windows.common-controls_6595b64144ccf1df_6.0.19041.1110_none_60b5254171f9507e;C:\Program Files\Java\jdk-17\bin\server

VM Arguments:
jvm_args: -Dfile.encoding=UTF-8 --module-path=F:\fakultet\UOP\turistickaAgencija\bin -XX:+ShowCodeDetailsInExceptionMessages -Djdk.module.main=turistickaAgencija 
java_command: turistickaAgencija/main.TuristickaAgencijaMain
java_class_path (initial): <not set>
Launcher Type: SUN_STANDARD

[Global flags]
     intx CICompilerCount                          = 3                                         {product} {ergonomic}
     uint ConcGCThreads                            = 2                                         {product} {ergonomic}
     uint G1ConcRefinementThreads                  = 6                                         {product} {ergonomic}
   size_t G1HeapRegionSize                         = 2097152                                   {product} {ergonomic}
    uintx GCDrainStackTargetSize                   = 64                                        {product} {ergonomic}
   size_t InitialHeapSize                          = 268435456                                 {product} {ergonomic}
   size_t MarkStackSize                            = 4194304                                   {product} {ergonomic}
   size_t MaxHeapSize                              = 4282384384                                {product} {ergonomic}
   size_t MinHeapDeltaBytes                        = 2097152                                   {product} {ergonomic}
   size_t MinHeapSize                              = 8388608                                   {product} {ergonomic}
    uintx NonNMethodCodeHeapSize                   = 5832780                                {pd product} {ergonomic}
    uintx NonProfiledCodeHeapSize                  = 122912730                              {pd product} {ergonomic}
    uintx ProfiledCodeHeapSize                     = 122912730                              {pd product} {ergonomic}
    uintx ReservedCodeCacheSize                    = 251658240                              {pd product} {ergonomic}
     bool SegmentedCodeCache                       = true                                      {product} {ergonomic}
     bool ShowCodeDetailsInExceptionMessages       = true                                   {manageable} {command line}
   size_t SoftMaxHeapSize                          = 4282384384                             {manageable} {ergonomic}
     bool UseCompressedClassPointers               = true                           {product lp64_product} {ergonomic}
     bool UseCompressedOops                        = true                           {product lp64_product} {ergonomic}
     bool UseG1GC                                  = true                                      {product} {ergonomic}
     bool UseLargePagesIndividualAllocation        = false                                  {pd product} {ergonomic}

Logging:
Log output configuration:
 #0: stdout all=warning uptime,level,tags
 #1: stderr all=off uptime,level,tags

Environment Variables:
JAVA_HOME=C:\Program Files\Java\jdk-17
PATH=C:\Program Files\Common Files\Oracle\Java\javapath;C:\Python3.7\Scripts\;C:\Python3.7\;C:\Program Files (x86)\Common Files\Intel\Shared Libraries\redist\intel64\compiler;C:\Program Files (x86)\Common Files\Oracle\Java\javapath;C:\WINDOWS\system32;C:\WINDOWS;C:\WINDOWS\System32\Wbem;C:\WINDOWS\System32\WindowsPowerShell\v1.0\;C:\Program Files (x86)\Skype\Phone\;C:\WINDOWS\System32\OpenSSH\;C:\Program Files\Git\cmd;C:\Program Files\Microsoft VS Code\bin;C:\Program Files\dotnet\;C:\Program Files\Microsoft SQL Server\130\Tools\Binn\;C:\Program Files\Microsoft SQL Server\Client SDK\ODBC\170\Tools\Binn\;C:\Program Files\Java\jdk1.8.0_171\bin;C:\Program Files\nodejs\;F:\fakultet\projekat\fitness-center-app;D:\Users\Dragan Bijelic\AppData\Local\Microsoft\WindowsApps;C:\Program Files (x86)\CodeBlocks\MinGW\bin;D:\Users\Dragan Bijelic\.dotnet\tools;D:\Users\Dragan Bijelic\AppData\Local\GitHubDesktop\bin;C:\Users\Dragan Bijelic\AppData\Local\Programs\Microsoft VS Code\bin;C:\Program Files\JetBrains\IntelliJ IDEA Community Edition 2022.1.3\bin;;D:\Users\Dragan Bijelic\AppData\Roaming\npm;C:\Program Files\Java\jdk-17\bin;
USERNAME=Dragan Bijelic
OS=Windows_NT
PROCESSOR_IDENTIFIER=Intel64 Family 6 Model 158 Stepping 10, GenuineIntel



---------------  S Y S T E M  ---------------

OS:
 Windows 10 , 64 bit Build 19041 (10.0.19041.2913)
OS uptime: 0 days 4:58 hours

CPU: total 6 (initial active 6) (6 cores per cpu, 1 threads per core) family 6 model 158 stepping 10 microcode 0xb4, cx8, cmov, fxsr, mmx, 3dnowpref, sse, sse2, sse3, ssse3, sse4.1, sse4.2, popcnt, lzcnt, tsc, tscinvbit, avx, avx2, aes, erms, clmul, bmi1, bmi2, adx, fma, vzeroupper, clflush, clflushopt

Memory: 4k page, system-wide physical 16328M (7341M free)
TotalPageFile size 32665M (AvailPageFile size 212M)
current process WorkingSet (physical memory assigned to process): 10M, peak: 10M
current process commit charge ("private bytes"): 56M, peak: 312M

vm_info: Java HotSpot(TM) 64-Bit Server VM (17.0.7+8-LTS-224) for windows-amd64 JRE (17.0.7+8-LTS-224), built on Feb 28 2023 23:03:02 by "mach5one" with MS VC++ 17.1 (VS2022)

END.
